<?xml version="1.0" encoding="UTF-8"?>
<Site BuildName="(empty)"
	BuildStamp="20230427-1742-Experimental"
	Name="raspberrypi"
	Generator="ctest-3.16.3"
	CompilerName="/usr/bin/aarch64-linux-gnu-g++"
	CompilerVersion="9.4.0"
	OSName="Linux"
	Hostname="raspberrypi"
	OSRelease="5.4.0-1083-raspi"
	OSVersion="#94-Ubuntu SMP PREEMPT Mon Apr 3 10:06:55 UTC 2023"
	OSPlatform="aarch64"
	Is64Bits="1"
	VendorString=""
	VendorID="Unknown Manufacturer"
	FamilyID="8"
	ModelID="0"
	ProcessorCacheSize="0"
	NumberOfLogicalCPU="4"
	NumberOfPhysicalCPU="1"
	TotalVirtualMemory="0"
	TotalPhysicalMemory="3791"
	LogicalProcessorsPerPhysical="4"
	ProcessorClockFrequency="0"
	>
	<Testing>
		<StartDateTime>Apr 27 17:42 UTC</StartDateTime>
		<StartTestTime>1682617336</StartTestTime>
		<TestList/>
		<EndDateTime>Apr 27 17:42 UTC</EndDateTime>
		<EndTestTime>1682617336</EndTestTime>
		<ElapsedMinutes>0</ElapsedMinutes>
	</Testing>
</Site>
